<?xml version="1.0" encoding="UTF-8"?>
<testng-results ignored="0" total="1" passed="1" failed="0" skipped="0">
  <reporter-output>
  </reporter-output>
  <suite started-at="2025-11-12T23:01:46 IST" name="Default suite" finished-at="2025-11-12T23:02:01 IST" duration-ms="15264">
    <groups>
    </groups>
    <test started-at="2025-11-12T23:01:46 IST" name="Default test" finished-at="2025-11-12T23:02:01 IST" duration-ms="15264">
      <class name="Jenkinsgit.jengitTest">
        <test-method is-config="true" signature="openbrowser()[pri:0, instance:Jenkinsgit.jengitTest@55182842]" started-at="2025-11-12T23:01:46 IST" name="openbrowser" finished-at="2025-11-12T23:02:01 IST" duration-ms="15076" status="PASS">
          <reporter-output>
          </reporter-output>
        </test-method> <!-- openbrowser -->
        <test-method signature="Verifytitle()[pri:0, instance:Jenkinsgit.jengitTest@55182842]" started-at="2025-11-12T23:02:01 IST" name="Verifytitle" finished-at="2025-11-12T23:02:01 IST" duration-ms="70" status="PASS">
          <reporter-output>
          </reporter-output>
        </test-method> <!-- Verifytitle -->
      </class> <!-- Jenkinsgit.jengitTest -->
    </test> <!-- Default test -->
  </suite> <!-- Default suite -->
</testng-results>
