<?xml version="1.0" encoding="UTF-8"?>
<testng-results ignored="0" total="1" passed="1" failed="0" skipped="0">
  <reporter-output>
  </reporter-output>
  <suite started-at="2025-11-11T12:15:44 IST" name="Default suite" finished-at="2025-11-11T12:16:59 IST" duration-ms="74980">
    <groups>
    </groups>
    <test started-at="2025-11-11T12:15:44 IST" name="Default test" finished-at="2025-11-11T12:16:59 IST" duration-ms="74980">
      <class name="tests.PracticeNovSeven">
        <test-method is-config="true" signature="openBrowser()[pri:0, instance:tests.PracticeNovSeven@77888435]" started-at="2025-11-11T12:15:44 IST" name="openBrowser" finished-at="2025-11-11T12:16:54 IST" duration-ms="70414" status="PASS">
          <reporter-output>
          </reporter-output>
        </test-method> <!-- openBrowser -->
        <test-method is-config="true" signature="zz()[pri:0, instance:tests.PracticeNovSeven@77888435]" started-at="2025-11-11T12:16:54 IST" name="zz" finished-at="2025-11-11T12:16:54 IST" duration-ms="1" status="PASS">
          <reporter-output>
          </reporter-output>
        </test-method> <!-- zz -->
        <test-method signature="elementscreenshot()[pri:0, instance:tests.PracticeNovSeven@77888435]" started-at="2025-11-11T12:16:54 IST" name="elementscreenshot" finished-at="2025-11-11T12:16:58 IST" duration-ms="3931" status="PASS">
          <reporter-output>
          </reporter-output>
        </test-method> <!-- elementscreenshot -->
      </class> <!-- tests.PracticeNovSeven -->
    </test> <!-- Default test -->
  </suite> <!-- Default suite -->
</testng-results>
